============================= test session starts =============================
platform win32 -- Python 3.11.9, pytest-9.1.1, pluggy-1.6.0 -- C:\Users\Python\AppData\Local\Programs\Python\Python311\python.exe
cachedir: .pytest_cache
hypothesis profile 'default'
rootdir: C:\Users\Python\Downloads\ATV1\atv2
plugins: hypothesis-6.165.10
collecting ... collected 62 items

test_estatistica.py::test_metricas_em_caso_conhecido PASSED              [  1%]
test_estatistica.py::test_metricas_condicionais_indefinidas_viram_nan PASSED [  3%]
test_estatistica.py::test_ic_de_metrica_degenerada_colapsa_no_ponto PASSED [  4%]
test_estatistica.py::test_ic_da_acuracia_no_dataset_real PASSED          [  6%]
test_estatistica.py::test_ic_estreita_com_mais_dados PASSED              [  8%]
test_estatistica.py::test_ic_reporta_reamostras_indefinidas PASSED       [  9%]
test_estatistica.py::test_bootstrap_recusa_entradas_inconsistentes PASSED [ 11%]
test_estatistica.py::test_mcnemar_em_casos_calculados_a_mao[0-0-1.0] PASSED [ 12%]
test_estatistica.py::test_mcnemar_em_casos_calculados_a_mao[5-5-1.0] PASSED [ 14%]
test_estatistica.py::test_mcnemar_em_casos_calculados_a_mao[1-9-0.021484375] PASSED [ 16%]
test_estatistica.py::test_mcnemar_em_casos_calculados_a_mao[0-10-0.001953125] PASSED [ 17%]
test_estatistica.py::test_versoes_identicas_nao_sao_declaradas_diferentes PASSED [ 19%]
test_estatistica.py::test_taxa_de_falso_alarme_fica_perto_de_alfa PASSED [ 20%]
test_estatistica.py::test_diferenca_real_entre_v1_e_v2_e_detectada PASSED [ 22%]
test_estatistica.py::test_permutacao_nao_acusa_estatistica_independente_do_rotulo PASSED [ 24%]
test_estatistica.py::test_permutacao_acusa_dependencia_forte PASSED      [ 25%]
test_estatistica.py::test_propriedade_ponto_e_a_metrica_nos_dados_completos PASSED [ 27%]
test_estatistica.py::test_propriedade_mesma_semente_mesmo_intervalo PASSED [ 29%]
test_estatistica.py::test_propriedade_mcnemar_simetrico_e_valido PASSED  [ 30%]
test_estatistica.py::test_propriedade_comparar_versao_consigo_mesma_e_nula PASSED [ 32%]
test_fairness.py::test_metricas_por_grupo_em_caso_conhecido PASSED       [ 33%]
test_fairness.py::test_paridade_perfeita_zera_a_diferenca_e_crava_a_razao_em_um PASSED [ 35%]
test_fairness.py::test_razao_de_impacto_no_pior_caso PASSED              [ 37%]
test_fairness.py::test_razao_de_impacto_indefinida_sem_nenhuma_aprovacao PASSED [ 38%]
test_fairness.py::test_oportunidade_condiciona_nos_positivos_reais PASSED [ 40%]
test_fairness.py::test_auditor_reprova_preditor_com_vies_plantado PASSED [ 41%]
test_fairness.py::test_auditor_aprova_preditor_cego_ao_grupo PASSED      [ 43%]
test_fairness.py::test_taxa_de_falso_alarme_da_auditoria_fica_perto_de_alfa PASSED [ 45%]
test_fairness.py::test_v1_e_reprovada_no_dataset_da_atividade PASSED     [ 46%]
test_fairness.py::test_v2_e_aprovada_no_dataset_da_atividade PASSED      [ 48%]
test_fairness.py::test_regra_dos_quatro_quintos_pode_passar_com_paridade_violada PASSED [ 50%]
test_fairness.py::test_auditar_recusa_grupo_inexistente PASSED           [ 51%]
test_fairness.py::test_auditar_recusa_atributo_de_um_grupo_so PASSED     [ 53%]
test_fairness.py::test_propriedade_paridade_e_antissimetrica PASSED      [ 54%]
test_fairness.py::test_propriedade_razao_de_impacto_vive_no_intervalo_unitario PASSED [ 56%]
test_fairness.py::test_propriedade_renomear_grupos_nao_muda_a_disparidade PASSED [ 58%]
test_fairness.py::test_propriedade_decisao_uniforme_nunca_e_disparidade PASSED [ 59%]
test_validacao.py::test_dataset_limpo_passa_em_todas_as_regras PASSED    [ 61%]
test_validacao.py::test_carregar_devolve_dataframe_tipado PASSED         [ 62%]
test_validacao.py::test_carregar_recusa_dataset_corrompido PASSED        [ 64%]
test_validacao.py::test_defeito_plantado_e_reportado[schema-divida_ativa-ausente] PASSED [ 66%]
test_validacao.py::test_defeito_plantado_e_reportado[schema-obs_internas-nao declarada] PASSED [ 67%]
test_validacao.py::test_defeito_plantado_e_reportado[schema-score_bureau-nao conversivel] PASSED [ 69%]
test_validacao.py::test_defeito_plantado_e_reportado[completude-genero-obrigatorio ausente] PASSED [ 70%]
test_validacao.py::test_defeito_plantado_e_reportado[completude-renda_mensal-obrigatorio ausente] PASSED [ 72%]
test_validacao.py::test_defeito_plantado_e_reportado[faixa-genero-fora do dominio] PASSED [ 74%]
test_validacao.py::test_defeito_plantado_e_reportado[faixa-regiao-fora do dominio] PASSED [ 75%]
test_validacao.py::test_defeito_plantado_e_reportado[faixa-renda_mensal-fora de] PASSED [ 77%]
test_validacao.py::test_defeito_plantado_e_reportado[faixa-score_bureau-fora de] PASSED [ 79%]
test_validacao.py::test_defeito_plantado_e_reportado[faixa-score_modelo_v1-fora de] PASSED [ 80%]
test_validacao.py::test_defeito_plantado_e_reportado[faixa-pred_v1-fora de] PASSED [ 82%]
test_validacao.py::test_defeito_plantado_e_reportado[unicidade-id_cliente-repetido] PASSED [ 83%]
test_validacao.py::test_violacao_aponta_a_linha_do_csv PASSED            [ 85%]
test_validacao.py::test_completude_conta_todas_as_ocorrencias PASSED     [ 87%]
test_validacao.py::test_celula_vazia_e_reportada_uma_unica_vez PASSED    [ 88%]
test_validacao.py::test_schema_aceita_inteiro_serializado_como_decimal PASSED [ 90%]
test_validacao.py::test_dominio_categorico_e_sensivel_a_caixa_e_espaco PASSED [ 91%]
test_validacao.py::test_coluna_opcional_pode_vir_vazia PASSED            [ 93%]
test_validacao.py::test_tipo_de_coluna_desconhecido_e_erro_de_programacao PASSED [ 95%]
test_validacao.py::test_propriedade_dado_dentro_do_contrato_nunca_viola PASSED [ 96%]
test_validacao.py::test_propriedade_valor_fora_da_faixa_sempre_aparece PASSED [ 98%]
test_validacao.py::test_propriedade_unicidade_pega_qualquer_repeticao PASSED [100%]

============================= 62 passed in 12.52s =============================
